<?xml version="1.0" encoding="UTF-8"?>
<!-- Generated by org.testng.reporters.JUnitReportReporter -->
<testsuite hostname="MacBook-Pro-de-Emiliano.local" failures="0" tests="1" name="testRunners.ExcericiseRunner" time="4.015" errors="1" timestamp="2022-03-15T14:29:16 CST" skipped="0">
  <testcase classname="testRunners.ExcericiseRunner" name="runScenario" time="4.015">
    <error type="java.lang.NullPointerException">
      <![CDATA[java.lang.NullPointerException
at stepsDefinitionsCelulares.ExcercisePage.user_should_be_able_to_click_phones_button_and_see_the_smartphones(ExcercisePage.java:28)
at ✽.User should be able to click phones button and see the smartphones(file:///Users/emilianogonzalezbadillo/eclipse-workspace/celulares/src/test/resources/featureFilesCelulares/excerciseFeature.feature:8)
]]>
    </error>
  </testcase> <!-- runScenario -->
  <system-out/>
</testsuite> <!-- testRunners.ExcericiseRunner -->
