<?xml version="1.0" encoding="UTF-8"?>
<testng-results ignored="0" total="1" passed="0" failed="1" skipped="0">
  <reporter-output>
  </reporter-output>
  <suite started-at="2022-03-15T14:29:11 CST" name="Default suite" finished-at="2022-03-15T14:29:16 CST" duration-ms="4343">
    <groups>
      <group name="cucumber">
        <method signature="AbstractTestNGCucumberTests.runScenario(io.cucumber.testng.PickleWrapper,io.cucumber.testng.FeatureWrapper)[pri:0, instance:testRunners.ExcericiseRunner@36916eb0]" name="runScenario" class="io.cucumber.testng.AbstractTestNGCucumberTests"/>
      </group> <!-- cucumber -->
    </groups>
    <test started-at="2022-03-15T14:29:11 CST" name="Default test" finished-at="2022-03-15T14:29:16 CST" duration-ms="4343">
      <class name="testRunners.ExcericiseRunner">
        <test-method is-config="true" signature="setUpClass(org.testng.ITestContext)[pri:0, instance:testRunners.ExcericiseRunner@36916eb0]" started-at="2022-03-15T14:29:11 CST" name="setUpClass" finished-at="2022-03-15T14:29:12 CST" duration-ms="277" status="PASS">
          <params>
            <param index="0">
              <value>
                <![CDATA[org.testng.TestRunner@48840594]]>
              </value>
            </param>
          </params>
          <reporter-output>
          </reporter-output>
        </test-method> <!-- setUpClass -->
        <test-method signature="runScenario(io.cucumber.testng.PickleWrapper,io.cucumber.testng.FeatureWrapper)[pri:0, instance:testRunners.ExcericiseRunner@36916eb0]" started-at="2022-03-15T14:29:12 CST" name="runScenario" description="Runs Cucumber Scenarios" data-provider="scenarios" finished-at="2022-03-15T14:29:16 CST" duration-ms="4015" status="FAIL">
          <params>
            <param index="0">
              <value>
                <![CDATA["Verify functions of Practice Page"]]>
              </value>
            </param>
            <param index="1">
              <value>
                <![CDATA["Optional[Excersice Page]"]]>
              </value>
            </param>
          </params>
          <exception class="java.lang.NullPointerException">
            <full-stacktrace>
              <![CDATA[java.lang.NullPointerException
at stepsDefinitionsCelulares.ExcercisePage.user_should_be_able_to_click_phones_button_and_see_the_smartphones(ExcercisePage.java:28)
at ✽.User should be able to click phones button and see the smartphones(file:///Users/emilianogonzalezbadillo/eclipse-workspace/celulares/src/test/resources/featureFilesCelulares/excerciseFeature.feature:8)
]]>
            </full-stacktrace>
          </exception> <!-- java.lang.NullPointerException -->
          <reporter-output>
          </reporter-output>
        </test-method> <!-- runScenario -->
        <test-method is-config="true" signature="tearDownClass()[pri:0, instance:testRunners.ExcericiseRunner@36916eb0]" started-at="2022-03-15T14:29:16 CST" name="tearDownClass" finished-at="2022-03-15T14:29:16 CST" duration-ms="10" status="PASS">
          <reporter-output>
          </reporter-output>
        </test-method> <!-- tearDownClass -->
      </class> <!-- testRunners.ExcericiseRunner -->
    </test> <!-- Default test -->
  </suite> <!-- Default suite -->
</testng-results>
