<?xml version="1.0" encoding="UTF-8"?>
<!-- Generated by org.testng.reporters.JUnitXMLReporter -->
<testsuite ignored="0" hostname="MacBook-Pro-de-Emiliano.local" failures="1" tests="1" name="Default test" time="4.343" errors="0" timestamp="2022-03-15T14:29:16 CST">
  <testcase classname="io.cucumber.testng.AbstractTestNGCucumberTests" name="runScenario" time="4.015">
    <failure type="java.lang.NullPointerException">
      <![CDATA[java.lang.NullPointerException
at stepsDefinitionsCelulares.ExcercisePage.user_should_be_able_to_click_phones_button_and_see_the_smartphones(ExcercisePage.java:28)
at ✽.User should be able to click phones button and see the smartphones(file:///Users/emilianogonzalezbadillo/eclipse-workspace/celulares/src/test/resources/featureFilesCelulares/excerciseFeature.feature:8)
]]>
    </failure>
  </testcase> <!-- runScenario -->
</testsuite> <!-- Default test -->
